------------------------------------------------------------------------------------------------------------------------

[2022-12-16 09:35:59 #1 store] 
Database 'C:\Users\damdualalu2\git\AccesoADatos\Sesion3Ejemplo\db\empleados.odb' is opened by 11208@B01-PC14

[2022-12-16 09:35:59 #2 store] 
Configuration path: ?

[2022-12-16 09:35:59 #3 type] 
Type ejemplo1.DepartamentoEntity is not enhanced.

[2022-12-16 09:35:59 #4 type] 
Type ejemplo1.EmpleadoEntity is not enhanced.

[2022-12-16 09:35:59 #5 store] 
Database 'C:\Users\damdualalu2\git\AccesoADatos\Sesion3Ejemplo\db\empleados.odb' is closed by 11208@B01-PC14

------------------------------------------------------------------------------------------------------------------------

[2022-12-16 09:38:22 #1 store] 
Database 'C:\Users\damdualalu2\git\AccesoADatos\Sesion3Ejemplo\db\empleados.odb' is opened by 9060@B01-PC14

[2022-12-16 09:38:22 #2 store] 
Configuration path: ?

[2022-12-16 09:38:22 #3 type] 
Type ejemplo1.DepartamentoEntity is not enhanced.

[2022-12-16 09:38:22 #4 type] 
Type ejemplo1.EmpleadoEntity is not enhanced.

[2022-12-16 09:38:22 #5 store] 
Database 'C:\Users\damdualalu2\git\AccesoADatos\Sesion3Ejemplo\db\empleados.odb' is closed by 9060@B01-PC14

------------------------------------------------------------------------------------------------------------------------

[2022-12-16 09:38:38 #1 store] 
Database 'C:\Users\damdualalu2\git\AccesoADatos\Sesion3Ejemplo\db\empleados.odb' is opened by 9804@B01-PC14

[2022-12-16 09:38:38 #2 store] 
Configuration path: ?

[2022-12-16 09:38:38 #3 type] 
Type ejemplo1.DepartamentoEntity is not enhanced.

[2022-12-16 09:38:38 #4 type] 
Type ejemplo1.EmpleadoEntity is not enhanced.

[2022-12-16 09:38:38 #5 store] 
Database 'C:\Users\damdualalu2\git\AccesoADatos\Sesion3Ejemplo\db\empleados.odb' is closed by 9804@B01-PC14

------------------------------------------------------------------------------------------------------------------------

[2022-12-16 09:42:30 #1 store] 
Database 'C:\Users\damdualalu2\git\AccesoADatos\Sesion3Ejemplo\db\empleados.odb' is opened by 10236@B01-PC14

[2022-12-16 09:42:30 #2 store] 
Configuration path: ?

[2022-12-16 09:42:30 #3 type] 
Type ejemplo1.DepartamentoEntity is not enhanced.

[2022-12-16 09:42:30 #4 type] 
Type ejemplo1.EmpleadoEntity is not enhanced.

[2022-12-16 09:42:30 #5 store] 
Database 'C:\Users\damdualalu2\git\AccesoADatos\Sesion3Ejemplo\db\empleados.odb' is closed by 10236@B01-PC14

------------------------------------------------------------------------------------------------------------------------

[2022-12-16 09:42:40 #1 store] 
Database 'C:\Users\damdualalu2\git\AccesoADatos\Sesion3Ejemplo\db\empleados.odb' is opened by 6788@B01-PC14

[2022-12-16 09:42:40 #2 store] 
Configuration path: ?

[2022-12-16 09:42:40 #3 type] 
Type ejemplo1.DepartamentoEntity is not enhanced.

[2022-12-16 09:42:40 #4 type] 
Type ejemplo1.EmpleadoEntity is not enhanced.

[2022-12-16 09:42:40 #5 store] 
Database 'C:\Users\damdualalu2\git\AccesoADatos\Sesion3Ejemplo\db\empleados.odb' is closed by 6788@B01-PC14

------------------------------------------------------------------------------------------------------------------------

[2022-12-16 09:42:56 #1 store] 
Database 'C:\Users\damdualalu2\git\AccesoADatos\Sesion3Ejemplo\db\empleados.odb' is opened by 4060@B01-PC14

[2022-12-16 09:42:56 #2 store] 
Configuration path: ?

[2022-12-16 09:42:56 #3 type] 
Type ejemplo1.DepartamentoEntity is not enhanced.

[2022-12-16 09:42:56 #4 type] 
Type ejemplo1.EmpleadoEntity is not enhanced.

[2022-12-16 09:42:57 #5 store] 
Database 'C:\Users\damdualalu2\git\AccesoADatos\Sesion3Ejemplo\db\empleados.odb' is closed by 4060@B01-PC14

------------------------------------------------------------------------------------------------------------------------

[2022-12-16 09:43:43 #1 store] 
Database 'C:\Users\damdualalu2\git\AccesoADatos\Sesion3Ejemplo\db\empleados.odb' is opened by 8988@B01-PC14

[2022-12-16 09:43:43 #2 store] 
Configuration path: ?

[2022-12-16 09:43:43 #3 type] 
Type ejemplo1.DepartamentoEntity is not enhanced.

[2022-12-16 09:43:43 #4 type] 
Type ejemplo1.EmpleadoEntity is not enhanced.

[2022-12-16 09:43:43 #5 store] 
Database 'C:\Users\damdualalu2\git\AccesoADatos\Sesion3Ejemplo\db\empleados.odb' is closed by 8988@B01-PC14

------------------------------------------------------------------------------------------------------------------------

[2022-12-16 09:44:12 #1 store] 
Database 'C:\Users\damdualalu2\git\AccesoADatos\Sesion3Ejemplo\db\empleados.odb' is opened by 11172@B01-PC14

[2022-12-16 09:44:12 #2 store] 
Configuration path: ?

[2022-12-16 09:44:12 #3 type] 
Type ejemplo1.DepartamentoEntity is not enhanced.

[2022-12-16 09:44:12 #4 type] 
Type ejemplo1.EmpleadoEntity is not enhanced.

------------------------------------------------------------------------------------------------------------------------

[2022-12-16 09:45:18 #1 store] 
Database 'C:\Users\damdualalu2\git\AccesoADatos\Sesion3Ejemplo\db\empleados.odb' is opened by 9184@B01-PC14

[2022-12-16 09:45:18 #2 store] 
Configuration path: ?

[2022-12-16 09:45:18 #3 type] 
Type ejemplo1.DepartamentoEntity is not enhanced.

[2022-12-16 09:45:18 #4 type] 
Type ejemplo1.EmpleadoEntity is not enhanced.

------------------------------------------------------------------------------------------------------------------------

[2022-12-16 09:45:24 #1 store] 
Database 'C:\Users\damdualalu2\git\AccesoADatos\Sesion3Ejemplo\db\empleados.odb' is opened by 3948@B01-PC14

[2022-12-16 09:45:24 #2 store] 
Configuration path: ?

[2022-12-16 09:45:24 #3 type] 
Type ejemplo1.DepartamentoEntity is not enhanced.

[2022-12-16 09:45:24 #4 type] 
Type ejemplo1.EmpleadoEntity is not enhanced.

[2022-12-16 09:45:24 #5 store] 
Database 'C:\Users\damdualalu2\git\AccesoADatos\Sesion3Ejemplo\db\empleados.odb' is closed by 3948@B01-PC14

------------------------------------------------------------------------------------------------------------------------

[2022-12-16 09:46:30 #1 store] 
Database 'C:\Users\damdualalu2\git\AccesoADatos\Sesion3Ejemplo\db\empleados.odb' is opened by 9236@B01-PC14

[2022-12-16 09:46:30 #2 store] 
Configuration path: ?

[2022-12-16 09:46:30 #3 type] 
Type ejemplo1.DepartamentoEntity is not enhanced.

[2022-12-16 09:46:30 #4 type] 
Type ejemplo1.EmpleadoEntity is not enhanced.

[2022-12-16 09:46:30 #5 store] 
Database 'C:\Users\damdualalu2\git\AccesoADatos\Sesion3Ejemplo\db\empleados.odb' is closed by 9236@B01-PC14

------------------------------------------------------------------------------------------------------------------------

[2022-12-16 09:46:34 #1 store] 
Database 'C:\Users\damdualalu2\git\AccesoADatos\Sesion3Ejemplo\db\empleados.odb' is opened by 8656@B01-PC14

[2022-12-16 09:46:34 #2 store] 
Configuration path: ?

[2022-12-16 09:46:34 #3 type] 
Type ejemplo1.DepartamentoEntity is not enhanced.

[2022-12-16 09:46:34 #4 type] 
Type ejemplo1.EmpleadoEntity is not enhanced.

[2022-12-16 09:46:34 #5 store] 
Database 'C:\Users\damdualalu2\git\AccesoADatos\Sesion3Ejemplo\db\empleados.odb' is closed by 8656@B01-PC14

------------------------------------------------------------------------------------------------------------------------

[2022-12-16 09:52:16 #1 store] 
Database 'C:\Users\damdualalu2\git\AccesoADatos\Sesion3Ejemplo\db\empleados.odb' is opened by 6880@B01-PC14

[2022-12-16 09:52:16 #2 store] 
Configuration path: ?

[2022-12-16 09:52:16 #3 type] 
Type ejemplo1.DepartamentoEntity is not enhanced.

[2022-12-16 09:52:16 #4 type] 
Type ejemplo1.EmpleadoEntity is not enhanced.

------------------------------------------------------------------------------------------------------------------------

[2022-12-16 09:52:30 #1 store] 
Database 'C:\Users\damdualalu2\git\AccesoADatos\Sesion3Ejemplo\db\empleados.odb' is opened by 8920@B01-PC14

[2022-12-16 09:52:30 #2 store] 
Configuration path: ?

[2022-12-16 09:52:30 #3 type] 
Type ejemplo1.DepartamentoEntity is not enhanced.

[2022-12-16 09:52:30 #4 type] 
Type ejemplo1.EmpleadoEntity is not enhanced.

[2022-12-16 09:52:30 #5 store] 
Database 'C:\Users\damdualalu2\git\AccesoADatos\Sesion3Ejemplo\db\empleados.odb' is closed by 8920@B01-PC14

------------------------------------------------------------------------------------------------------------------------

[2022-12-16 09:53:09 #1 store] 
Database 'C:\Users\damdualalu2\git\AccesoADatos\Sesion3Ejemplo\db\empleados.odb' is opened by 10088@B01-PC14

[2022-12-16 09:53:09 #2 store] 
Configuration path: ?

[2022-12-16 09:53:09 #3 type] 
Type ejemplo1.DepartamentoEntity is not enhanced.

[2022-12-16 09:53:09 #4 type] 
Type ejemplo1.EmpleadoEntity is not enhanced.

[2022-12-16 09:53:09 #5 store] 
Database 'C:\Users\damdualalu2\git\AccesoADatos\Sesion3Ejemplo\db\empleados.odb' is closed by 10088@B01-PC14

------------------------------------------------------------------------------------------------------------------------

[2022-12-16 09:53:15 #1 store] 
Database 'C:\Users\damdualalu2\git\AccesoADatos\Sesion3Ejemplo\db\empleados.odb' is opened by 9468@B01-PC14

[2022-12-16 09:53:15 #2 store] 
Configuration path: ?

[2022-12-16 09:53:15 #3 type] 
Type ejemplo1.DepartamentoEntity is not enhanced.

[2022-12-16 09:53:15 #4 type] 
Type ejemplo1.EmpleadoEntity is not enhanced.

[2022-12-16 09:53:15 #5 store] 
Database 'C:\Users\damdualalu2\git\AccesoADatos\Sesion3Ejemplo\db\empleados.odb' is closed by 9468@B01-PC14

------------------------------------------------------------------------------------------------------------------------

[2022-12-16 09:53:24 #1 store] 
Database 'C:\Users\damdualalu2\git\AccesoADatos\Sesion3Ejemplo\db\empleados.odb' is opened by 5900@B01-PC14

[2022-12-16 09:53:24 #2 store] 
Configuration path: ?

[2022-12-16 09:53:24 #3 type] 
Type ejemplo1.DepartamentoEntity is not enhanced.

[2022-12-16 09:53:24 #4 type] 
Type ejemplo1.EmpleadoEntity is not enhanced.

[2022-12-16 09:53:24 #5 store] 
Database 'C:\Users\damdualalu2\git\AccesoADatos\Sesion3Ejemplo\db\empleados.odb' is closed by 5900@B01-PC14

------------------------------------------------------------------------------------------------------------------------

[2022-12-16 09:53:28 #1 store] 
Database 'C:\Users\damdualalu2\git\AccesoADatos\Sesion3Ejemplo\db\empleados.odb' is opened by 8428@B01-PC14

[2022-12-16 09:53:28 #2 store] 
Configuration path: ?

[2022-12-16 09:53:28 #3 type] 
Type ejemplo1.DepartamentoEntity is not enhanced.

[2022-12-16 09:53:28 #4 type] 
Type ejemplo1.EmpleadoEntity is not enhanced.

[2022-12-16 09:53:28 #5 store] 
Database 'C:\Users\damdualalu2\git\AccesoADatos\Sesion3Ejemplo\db\empleados.odb' is closed by 8428@B01-PC14

------------------------------------------------------------------------------------------------------------------------

[2022-12-16 09:56:48 #1 store] 
Database 'C:\Users\damdualalu2\git\AccesoADatos\Sesion3Ejemplo\db\empleados.odb' is opened by 8476@B01-PC14

[2022-12-16 09:56:48 #2 store] 
Configuration path: ?

[2022-12-16 09:56:48 #3 type] 
Type ejemplo1.DepartamentoEntity is not enhanced.

[2022-12-16 09:56:48 #4 type] 
Type ejemplo1.EmpleadoEntity is not enhanced.

[2022-12-16 09:56:48 #5 store] 
Database 'C:\Users\damdualalu2\git\AccesoADatos\Sesion3Ejemplo\db\empleados.odb' is closed by 8476@B01-PC14

------------------------------------------------------------------------------------------------------------------------

[2022-12-16 09:57:16 #1 store] 
Database 'C:\Users\damdualalu2\git\AccesoADatos\Sesion3Ejemplo\db\empleados.odb' is opened by 9408@B01-PC14

[2022-12-16 09:57:16 #2 store] 
Configuration path: ?

[2022-12-16 09:57:16 #3 type] 
Type ejemplo1.DepartamentoEntity is not enhanced.

[2022-12-16 09:57:16 #4 type] 
Type ejemplo1.EmpleadoEntity is not enhanced.

------------------------------------------------------------------------------------------------------------------------

[2022-12-16 09:58:08 #1 store] 
Database 'C:\Users\damdualalu2\git\AccesoADatos\Sesion3Ejemplo\db\empleados.odb' is opened by 8764@B01-PC14

[2022-12-16 09:58:08 #2 store] 
Configuration path: ?

[2022-12-16 09:58:08 #3 type] 
Type ejemplo1.DepartamentoEntity is not enhanced.

[2022-12-16 09:58:08 #4 type] 
Type ejemplo1.EmpleadoEntity is not enhanced.

[2022-12-16 09:58:08 #5 store] 
Database 'C:\Users\damdualalu2\git\AccesoADatos\Sesion3Ejemplo\db\empleados.odb' is closed by 8764@B01-PC14

------------------------------------------------------------------------------------------------------------------------

[2022-12-16 09:58:23 #1 store] 
Database 'C:\Users\damdualalu2\git\AccesoADatos\Sesion3Ejemplo\db\empleados.odb' is opened by 1588@B01-PC14

[2022-12-16 09:58:23 #2 store] 
Configuration path: ?

[2022-12-16 09:58:24 #3 type] 
Type ejemplo1.DepartamentoEntity is not enhanced.

[2022-12-16 09:58:24 #4 type] 
Type ejemplo1.EmpleadoEntity is not enhanced.

[2022-12-16 09:58:24 #5 store] 
Database 'C:\Users\damdualalu2\git\AccesoADatos\Sesion3Ejemplo\db\empleados.odb' is closed by 1588@B01-PC14

------------------------------------------------------------------------------------------------------------------------

[2022-12-16 10:00:45 #1 store] 
Database 'C:\Users\damdualalu2\git\AccesoADatos\Sesion3Ejemplo\db\empleados.odb' is opened by 11232@B01-PC14

[2022-12-16 10:00:45 #2 store] 
Configuration path: ?

[2022-12-16 10:00:45 #3 type] 
Type ejemplo1.DepartamentoEntity is not enhanced.

[2022-12-16 10:00:45 #4 type] 
Type ejemplo1.EmpleadoEntity is not enhanced.

[2022-12-16 10:00:45 #5 store] 
Database 'C:\Users\damdualalu2\git\AccesoADatos\Sesion3Ejemplo\db\empleados.odb' is closed by 11232@B01-PC14

------------------------------------------------------------------------------------------------------------------------

[2022-12-16 10:01:34 #1 store] 
Database 'C:\Users\damdualalu2\git\AccesoADatos\Sesion3Ejemplo\db\empleados.odb' is opened by 6584@B01-PC14

[2022-12-16 10:01:34 #2 store] 
Configuration path: ?

[2022-12-16 10:01:34 #3 type] 
Type ejemplo1.DepartamentoEntity is not enhanced.

[2022-12-16 10:01:34 #4 type] 
Type ejemplo1.EmpleadoEntity is not enhanced.

[2022-12-16 10:01:34 #5 store] 
Database 'C:\Users\damdualalu2\git\AccesoADatos\Sesion3Ejemplo\db\empleados.odb' is closed by 6584@B01-PC14

------------------------------------------------------------------------------------------------------------------------

[2022-12-16 10:13:33 #1 store] 
Database 'C:\Users\damdualalu2\git\AccesoADatos\Sesion3Ejemplo\db\empleados.odb' is opened by 10716@B01-PC14

[2022-12-16 10:13:33 #2 store] 
Configuration path: ?

[2022-12-16 10:13:33 #3 type] 
Type ejemplo1.DepartamentoEntity is not enhanced.

[2022-12-16 10:13:33 #4 type] 
Type ejemplo1.EmpleadoEntity is not enhanced.

[2022-12-16 10:13:33 #5 store] 
Database 'C:\Users\damdualalu2\git\AccesoADatos\Sesion3Ejemplo\db\empleados.odb' is closed by 10716@B01-PC14

------------------------------------------------------------------------------------------------------------------------

[2022-12-16 10:19:59 #1 store] 
Database 'C:\Users\damdualalu2\git\AccesoADatos\Sesion3Ejemplo\db\empleados.odb' is opened by 8540@B01-PC14

[2022-12-16 10:19:59 #2 store] 
Configuration path: ?

[2022-12-16 10:19:59 #3 type] 
Type ejemplo1.DepartamentoEntity is not enhanced.

[2022-12-16 10:19:59 #4 type] 
Type ejemplo1.EmpleadoEntity is not enhanced.

[2022-12-16 10:19:59 #5 store] 
Database 'C:\Users\damdualalu2\git\AccesoADatos\Sesion3Ejemplo\db\empleados.odb' is closed by 8540@B01-PC14

------------------------------------------------------------------------------------------------------------------------

[2022-12-16 10:20:04 #1 store] 
Database 'C:\Users\damdualalu2\git\AccesoADatos\Sesion3Ejemplo\db\empleados.odb' is opened by 2292@B01-PC14

[2022-12-16 10:20:04 #2 store] 
Configuration path: ?

[2022-12-16 10:20:04 #3 type] 
Type ejemplo1.DepartamentoEntity is not enhanced.

[2022-12-16 10:20:04 #4 type] 
Type ejemplo1.EmpleadoEntity is not enhanced.

[2022-12-16 10:20:04 #5 store] 
Database 'C:\Users\damdualalu2\git\AccesoADatos\Sesion3Ejemplo\db\empleados.odb' is closed by 2292@B01-PC14

------------------------------------------------------------------------------------------------------------------------

[2022-12-16 10:20:26 #1 store] 
Database 'C:\Users\damdualalu2\git\AccesoADatos\Sesion3Ejemplo\db\empleados.odb' is opened by 9052@B01-PC14

[2022-12-16 10:20:26 #2 store] 
Configuration path: ?

[2022-12-16 10:20:26 #3 type] 
Type ejemplo1.DepartamentoEntity is not enhanced.

[2022-12-16 10:20:26 #4 type] 
Type ejemplo1.EmpleadoEntity is not enhanced.

[2022-12-16 10:20:27 #5 store] 
Database 'C:\Users\damdualalu2\git\AccesoADatos\Sesion3Ejemplo\db\empleados.odb' is closed by 9052@B01-PC14

------------------------------------------------------------------------------------------------------------------------

[2022-12-16 10:31:11 #1 store] 
Database 'C:\Users\damdualalu2\git\AccesoADatos\Sesion3Ejemplo\db\empleados.odb' is opened by 7536@B01-PC14

[2022-12-16 10:31:11 #2 store] 
Configuration path: ?

[2022-12-16 10:31:11 #3 type] 
Type ejemplo1.DepartamentoEntity is not enhanced.

[2022-12-16 10:31:11 #4 type] 
Type ejemplo1.EmpleadoEntity is not enhanced.

[2022-12-16 10:31:11 #5 store] 
Database 'C:\Users\damdualalu2\git\AccesoADatos\Sesion3Ejemplo\db\empleados.odb' is closed by 7536@B01-PC14

------------------------------------------------------------------------------------------------------------------------

[2022-12-16 10:32:20 #1 store] 
Database 'C:\Users\damdualalu2\git\AccesoADatos\Sesion3Ejemplo\db\empleados.odb' is opened by 11240@B01-PC14

[2022-12-16 10:32:20 #2 store] 
Configuration path: ?

[2022-12-16 10:32:20 #3 type] 
Type ejemplo1.DepartamentoEntity is not enhanced.

[2022-12-16 10:32:20 #4 type] 
Type ejemplo1.EmpleadoEntity is not enhanced.

[2022-12-16 10:32:20 #5 store] 
Database 'C:\Users\damdualalu2\git\AccesoADatos\Sesion3Ejemplo\db\empleados.odb' is closed by 11240@B01-PC14

------------------------------------------------------------------------------------------------------------------------

[2022-12-16 10:33:02 #1 store] 
Database 'C:\Users\damdualalu2\git\AccesoADatos\Sesion3Ejemplo\db\empleados.odb' is opened by 9076@B01-PC14

[2022-12-16 10:33:02 #2 store] 
Configuration path: ?

[2022-12-16 10:33:02 #3 type] 
Type ejemplo1.DepartamentoEntity is not enhanced.

[2022-12-16 10:33:02 #4 type] 
Type ejemplo1.EmpleadoEntity is not enhanced.

[2022-12-16 10:33:02 #5 store] 
Database 'C:\Users\damdualalu2\git\AccesoADatos\Sesion3Ejemplo\db\empleados.odb' is closed by 9076@B01-PC14

------------------------------------------------------------------------------------------------------------------------

[2022-12-16 10:33:14 #1 store] 
Database 'C:\Users\damdualalu2\git\AccesoADatos\Sesion3Ejemplo\db\empleados.odb' is opened by 5200@B01-PC14

[2022-12-16 10:33:14 #2 store] 
Configuration path: ?

[2022-12-16 10:33:14 #3 type] 
Type ejemplo1.DepartamentoEntity is not enhanced.

[2022-12-16 10:33:14 #4 type] 
Type ejemplo1.EmpleadoEntity is not enhanced.

[2022-12-16 10:33:14 #5 store] 
Database 'C:\Users\damdualalu2\git\AccesoADatos\Sesion3Ejemplo\db\empleados.odb' is closed by 5200@B01-PC14

------------------------------------------------------------------------------------------------------------------------

[2022-12-16 10:38:52 #1 store] 
Database 'C:\Users\damdualalu2\git\AccesoADatos\Sesion3Ejemplo\db\empleados.odb' is opened by 5268@B01-PC14

[2022-12-16 10:38:52 #2 store] 
Configuration path: ?

[2022-12-16 10:38:52 #3 type] 
Type ejemplo1.DepartamentoEntity is not enhanced.

[2022-12-16 10:38:52 #4 type] 
Type ejemplo1.EmpleadoEntity is not enhanced.

------------------------------------------------------------------------------------------------------------------------

[2022-12-16 10:38:58 #1 store] 
Database 'C:\Users\damdualalu2\git\AccesoADatos\Sesion3Ejemplo\db\empleados.odb' is opened by 5304@B01-PC14

[2022-12-16 10:38:58 #2 store] 
Configuration path: ?

[2022-12-16 10:38:58 #3 type] 
Type ejemplo1.DepartamentoEntity is not enhanced.

[2022-12-16 10:38:58 #4 type] 
Type ejemplo1.EmpleadoEntity is not enhanced.

[2022-12-16 10:38:58 #5 store] 
Database 'C:\Users\damdualalu2\git\AccesoADatos\Sesion3Ejemplo\db\empleados.odb' is closed by 5304@B01-PC14

------------------------------------------------------------------------------------------------------------------------

[2022-12-16 10:39:36 #1 store] 
Database 'C:\Users\damdualalu2\git\AccesoADatos\Sesion3Ejemplo\db\empleados.odb' is opened by 8064@B01-PC14

[2022-12-16 10:39:36 #2 store] 
Configuration path: ?

[2022-12-16 10:39:36 #3 type] 
Type ejemplo1.DepartamentoEntity is not enhanced.

[2022-12-16 10:39:36 #4 type] 
Type ejemplo1.EmpleadoEntity is not enhanced.

[2022-12-16 10:39:36 #5 store] 
Database 'C:\Users\damdualalu2\git\AccesoADatos\Sesion3Ejemplo\db\empleados.odb' is closed by 8064@B01-PC14

------------------------------------------------------------------------------------------------------------------------

[2022-12-16 10:41:01 #1 store] 
Database 'C:\Users\damdualalu2\git\AccesoADatos\Sesion3Ejemplo\db\empleados.odb' is opened by 4804@B01-PC14

[2022-12-16 10:41:01 #2 store] 
Configuration path: ?

[2022-12-16 10:41:01 #3 type] 
Type ejemplo1.DepartamentoEntity is not enhanced.

[2022-12-16 10:41:01 #4 type] 
Type ejemplo1.EmpleadoEntity is not enhanced.

------------------------------------------------------------------------------------------------------------------------

[2022-12-16 10:41:12 #1 store] 
Database 'C:\Users\damdualalu2\git\AccesoADatos\Sesion3Ejemplo\db\empleados.odb' is opened by 8952@B01-PC14

[2022-12-16 10:41:12 #2 store] 
Configuration path: ?

[2022-12-16 10:41:12 #3 type] 
Type ejemplo1.DepartamentoEntity is not enhanced.

[2022-12-16 10:41:12 #4 type] 
Type ejemplo1.EmpleadoEntity is not enhanced.

[2022-12-16 10:41:12 #5 store] 
Database 'C:\Users\damdualalu2\git\AccesoADatos\Sesion3Ejemplo\db\empleados.odb' is closed by 8952@B01-PC14

------------------------------------------------------------------------------------------------------------------------

[2022-12-16 10:45:15 #1 store] 
Database 'C:\Users\damdualalu2\git\AccesoADatos\Sesion3Ejemplo\db\empleados.odb' is opened by 10168@B01-PC14

[2022-12-16 10:45:15 #2 store] 
Configuration path: ?

[2022-12-16 10:45:15 #3 type] 
Type ejemplo1.DepartamentoEntity is not enhanced.

[2022-12-16 10:45:15 #4 type] 
Type ejemplo1.EmpleadoEntity is not enhanced.

[2022-12-16 10:45:15 #5 store] 
Database 'C:\Users\damdualalu2\git\AccesoADatos\Sesion3Ejemplo\db\empleados.odb' is closed by 10168@B01-PC14

------------------------------------------------------------------------------------------------------------------------

[2022-12-16 10:45:33 #1 store] 
Database 'C:\Users\damdualalu2\git\AccesoADatos\Sesion3Ejemplo\db\empleados.odb' is opened by 9736@B01-PC14

[2022-12-16 10:45:33 #2 store] 
Configuration path: ?

[2022-12-16 10:45:33 #3 type] 
Type ejemplo1.DepartamentoEntity is not enhanced.

[2022-12-16 10:45:33 #4 type] 
Type ejemplo1.EmpleadoEntity is not enhanced.

[2022-12-16 10:45:33 #5 store] 
Database 'C:\Users\damdualalu2\git\AccesoADatos\Sesion3Ejemplo\db\empleados.odb' is closed by 9736@B01-PC14

------------------------------------------------------------------------------------------------------------------------

[2022-12-16 10:46:39 #1 store] 
Database 'C:\Users\damdualalu2\git\AccesoADatos\Sesion3Ejemplo\db\empleados.odb' is opened by 8116@B01-PC14

[2022-12-16 10:46:39 #2 store] 
Configuration path: ?

[2022-12-16 10:46:39 #3 type] 
Type ejemplo1.DepartamentoEntity is not enhanced.

[2022-12-16 10:46:39 #4 type] 
Type ejemplo1.EmpleadoEntity is not enhanced.

[2022-12-16 10:46:39 #5 store] 
Database 'C:\Users\damdualalu2\git\AccesoADatos\Sesion3Ejemplo\db\empleados.odb' is closed by 8116@B01-PC14

------------------------------------------------------------------------------------------------------------------------

[2022-12-16 10:50:51 #1 store] 
Database 'C:\Users\damdualalu2\git\AccesoADatos\Sesion3Ejemplo\db\empleados.odb' is opened by 3820@B01-PC14

[2022-12-16 10:50:51 #2 store] 
Configuration path: ?

[2022-12-16 10:50:51 #3 type] 
Type ejemplo1.DepartamentoEntity is not enhanced.

[2022-12-16 10:50:51 #4 type] 
Type ejemplo1.EmpleadoEntity is not enhanced.

------------------------------------------------------------------------------------------------------------------------

[2022-12-16 10:51:00 #1 store] 
Database 'C:\Users\damdualalu2\git\AccesoADatos\Sesion3Ejemplo\db\empleados.odb' is opened by 11232@B01-PC14

[2022-12-16 10:51:00 #2 store] 
Configuration path: ?

[2022-12-16 10:51:00 #3 type] 
Type ejemplo1.DepartamentoEntity is not enhanced.

[2022-12-16 10:51:00 #4 type] 
Type ejemplo1.EmpleadoEntity is not enhanced.

[2022-12-16 10:51:00 #5 store] 
Database 'C:\Users\damdualalu2\git\AccesoADatos\Sesion3Ejemplo\db\empleados.odb' is closed by 11232@B01-PC14

------------------------------------------------------------------------------------------------------------------------

[2022-12-16 10:51:19 #1 store] 
Database 'C:\Users\damdualalu2\git\AccesoADatos\Sesion3Ejemplo\db\empleados.odb' is opened by 5168@B01-PC14

[2022-12-16 10:51:19 #2 store] 
Configuration path: ?

[2022-12-16 10:51:19 #3 type] 
Type ejemplo1.DepartamentoEntity is not enhanced.

[2022-12-16 10:51:19 #4 type] 
Type ejemplo1.EmpleadoEntity is not enhanced.

[2022-12-16 10:51:19 #5 store] 
Database 'C:\Users\damdualalu2\git\AccesoADatos\Sesion3Ejemplo\db\empleados.odb' is closed by 5168@B01-PC14

------------------------------------------------------------------------------------------------------------------------

[2022-12-16 10:52:14 #1 store] 
Database 'C:\Users\damdualalu2\git\AccesoADatos\Sesion3Ejemplo\db\empleados.odb' is opened by 10440@B01-PC14

[2022-12-16 10:52:14 #2 store] 
Configuration path: ?

[2022-12-16 10:52:14 #3 type] 
Type ejemplo1.DepartamentoEntity is not enhanced.

[2022-12-16 10:52:14 #4 type] 
Type ejemplo1.EmpleadoEntity is not enhanced.

[2022-12-16 10:52:14 #5 store] 
Database 'C:\Users\damdualalu2\git\AccesoADatos\Sesion3Ejemplo\db\empleados.odb' is closed by 10440@B01-PC14

------------------------------------------------------------------------------------------------------------------------

[2022-12-16 10:52:35 #1 store] 
Database 'C:\Users\damdualalu2\git\AccesoADatos\Sesion3Ejemplo\db\empleados.odb' is opened by 4752@B01-PC14

[2022-12-16 10:52:35 #2 store] 
Configuration path: ?

[2022-12-16 10:52:35 #3 type] 
Type ejemplo1.DepartamentoEntity is not enhanced.

[2022-12-16 10:52:35 #4 type] 
Type ejemplo1.EmpleadoEntity is not enhanced.

[2022-12-16 10:52:35 #5 store] 
Database 'C:\Users\damdualalu2\git\AccesoADatos\Sesion3Ejemplo\db\empleados.odb' is closed by 4752@B01-PC14

------------------------------------------------------------------------------------------------------------------------

[2022-12-16 10:53:57 #1 store] 
Database 'C:\Users\damdualalu2\git\AccesoADatos\Sesion3Ejemplo\db\empleados.odb' is opened by 6456@B01-PC14

[2022-12-16 10:53:57 #2 store] 
Configuration path: ?

[2022-12-16 10:53:57 #3 type] 
Type ejemplo1.DepartamentoEntity is not enhanced.

[2022-12-16 10:53:57 #4 type] 
Type ejemplo1.EmpleadoEntity is not enhanced.

[2022-12-16 10:53:57 #5 store] 
Database 'C:\Users\damdualalu2\git\AccesoADatos\Sesion3Ejemplo\db\empleados.odb' is closed by 6456@B01-PC14

------------------------------------------------------------------------------------------------------------------------

[2022-12-16 10:54:14 #1 store] 
Database 'C:\Users\damdualalu2\git\AccesoADatos\Sesion3Ejemplo\db\empleados.odb' is opened by 6196@B01-PC14

[2022-12-16 10:54:14 #2 store] 
Configuration path: ?

[2022-12-16 10:54:14 #3 type] 
Type ejemplo1.DepartamentoEntity is not enhanced.

[2022-12-16 10:54:14 #4 type] 
Type ejemplo1.EmpleadoEntity is not enhanced.

[2022-12-16 10:54:14 #5 store] 
Database 'C:\Users\damdualalu2\git\AccesoADatos\Sesion3Ejemplo\db\empleados.odb' is closed by 6196@B01-PC14

------------------------------------------------------------------------------------------------------------------------

[2022-12-16 10:54:28 #1 store] 
Database 'C:\Users\damdualalu2\git\AccesoADatos\Sesion3Ejemplo\db\empleados.odb' is opened by 10916@B01-PC14

[2022-12-16 10:54:28 #2 store] 
Configuration path: ?

[2022-12-16 10:54:28 #3 type] 
Type ejemplo1.DepartamentoEntity is not enhanced.

[2022-12-16 10:54:28 #4 type] 
Type ejemplo1.EmpleadoEntity is not enhanced.

[2022-12-16 10:54:28 #5 store] 
Database 'C:\Users\damdualalu2\git\AccesoADatos\Sesion3Ejemplo\db\empleados.odb' is closed by 10916@B01-PC14

------------------------------------------------------------------------------------------------------------------------

[2022-12-16 10:56:51 #1 store] 
Database 'C:\Users\damdualalu2\git\AccesoADatos\Sesion3Ejemplo\db\empleados.odb' is opened by 3204@B01-PC14

[2022-12-16 10:56:51 #2 store] 
Configuration path: ?

[2022-12-16 10:56:51 #3 type] 
Type ejemplo1.DepartamentoEntity is not enhanced.

[2022-12-16 10:56:51 #4 type] 
Type ejemplo1.EmpleadoEntity is not enhanced.

------------------------------------------------------------------------------------------------------------------------

[2022-12-16 10:56:58 #1 store] 
Database 'C:\Users\damdualalu2\git\AccesoADatos\Sesion3Ejemplo\db\empleados.odb' is opened by 9412@B01-PC14

[2022-12-16 10:56:58 #2 store] 
Configuration path: ?

[2022-12-16 10:56:58 #3 type] 
Type ejemplo1.DepartamentoEntity is not enhanced.

[2022-12-16 10:56:58 #4 type] 
Type ejemplo1.EmpleadoEntity is not enhanced.

------------------------------------------------------------------------------------------------------------------------

[2022-12-16 10:57:17 #1 store] 
Database 'C:\Users\damdualalu2\git\AccesoADatos\Sesion3Ejemplo\db\empleados.odb' is opened by 7692@B01-PC14

[2022-12-16 10:57:17 #2 store] 
Configuration path: ?

[2022-12-16 10:57:17 #3 type] 
Type ejemplo1.DepartamentoEntity is not enhanced.

[2022-12-16 10:57:17 #4 type] 
Type ejemplo1.EmpleadoEntity is not enhanced.

------------------------------------------------------------------------------------------------------------------------

[2022-12-16 10:57:50 #1 store] 
Database 'C:\Users\damdualalu2\git\AccesoADatos\Sesion3Ejemplo\db\empleados.odb' is opened by 9800@B01-PC14

[2022-12-16 10:57:50 #2 store] 
Configuration path: ?

[2022-12-16 10:57:50 #3 type] 
Type ejemplo1.DepartamentoEntity is not enhanced.

[2022-12-16 10:57:50 #4 type] 
Type ejemplo1.EmpleadoEntity is not enhanced.

[2022-12-16 10:57:50 #5 store] 
Database 'C:\Users\damdualalu2\git\AccesoADatos\Sesion3Ejemplo\db\empleados.odb' is closed by 9800@B01-PC14

------------------------------------------------------------------------------------------------------------------------

[2022-12-16 10:58:01 #1 store] 
Database 'C:\Users\damdualalu2\git\AccesoADatos\Sesion3Ejemplo\db\empleados.odb' is opened by 5700@B01-PC14

[2022-12-16 10:58:01 #2 store] 
Configuration path: ?

[2022-12-16 10:58:01 #3 type] 
Type ejemplo1.DepartamentoEntity is not enhanced.

[2022-12-16 10:58:01 #4 type] 
Type ejemplo1.EmpleadoEntity is not enhanced.

[2022-12-16 10:58:01 #5 store] 
Database 'C:\Users\damdualalu2\git\AccesoADatos\Sesion3Ejemplo\db\empleados.odb' is closed by 5700@B01-PC14

------------------------------------------------------------------------------------------------------------------------

[2022-12-16 10:58:08 #1 store] 
Database 'C:\Users\damdualalu2\git\AccesoADatos\Sesion3Ejemplo\db\empleados.odb' is opened by 10820@B01-PC14

[2022-12-16 10:58:08 #2 store] 
Configuration path: ?

[2022-12-16 10:58:08 #3 type] 
Type ejemplo1.DepartamentoEntity is not enhanced.

[2022-12-16 10:58:08 #4 type] 
Type ejemplo1.EmpleadoEntity is not enhanced.

[2022-12-16 10:58:08 #5 store] 
Database 'C:\Users\damdualalu2\git\AccesoADatos\Sesion3Ejemplo\db\empleados.odb' is closed by 10820@B01-PC14

------------------------------------------------------------------------------------------------------------------------

[2022-12-16 10:58:18 #1 store] 
Database 'C:\Users\damdualalu2\git\AccesoADatos\Sesion3Ejemplo\db\empleados.odb' is opened by 6788@B01-PC14

[2022-12-16 10:58:18 #2 store] 
Configuration path: ?

[2022-12-16 10:58:18 #3 type] 
Type ejemplo1.DepartamentoEntity is not enhanced.

[2022-12-16 10:58:18 #4 type] 
Type ejemplo1.EmpleadoEntity is not enhanced.

[2022-12-16 10:58:18 #5 store] 
Database 'C:\Users\damdualalu2\git\AccesoADatos\Sesion3Ejemplo\db\empleados.odb' is closed by 6788@B01-PC14

------------------------------------------------------------------------------------------------------------------------

[2022-12-16 10:58:36 #1 store] 
Database 'C:\Users\damdualalu2\git\AccesoADatos\Sesion3Ejemplo\db\empleados.odb' is opened by 1468@B01-PC14

[2022-12-16 10:58:36 #2 store] 
Configuration path: ?

[2022-12-16 10:58:36 #3 type] 
Type ejemplo1.DepartamentoEntity is not enhanced.

[2022-12-16 10:58:36 #4 type] 
Type ejemplo1.EmpleadoEntity is not enhanced.

[2022-12-16 10:58:36 #5 store] 
Database 'C:\Users\damdualalu2\git\AccesoADatos\Sesion3Ejemplo\db\empleados.odb' is closed by 1468@B01-PC14

------------------------------------------------------------------------------------------------------------------------

[2022-12-16 10:58:52 #1 store] 
Database 'C:\Users\damdualalu2\git\AccesoADatos\Sesion3Ejemplo\db\empleados.odb' is opened by 8152@B01-PC14

[2022-12-16 10:58:52 #2 store] 
Configuration path: ?

[2022-12-16 10:58:52 #3 type] 
Type ejemplo1.DepartamentoEntity is not enhanced.

[2022-12-16 10:58:52 #4 type] 
Type ejemplo1.EmpleadoEntity is not enhanced.

------------------------------------------------------------------------------------------------------------------------

[2022-12-16 10:59:33 #1 store] 
Database 'C:\Users\damdualalu2\git\AccesoADatos\Sesion3Ejemplo\db\empleados.odb' is opened by 7576@B01-PC14

[2022-12-16 10:59:33 #2 store] 
Configuration path: ?

[2022-12-16 10:59:33 #3 type] 
Type ejemplo1.DepartamentoEntity is not enhanced.

[2022-12-16 10:59:33 #4 type] 
Type ejemplo1.EmpleadoEntity is not enhanced.

[2022-12-16 10:59:33 #5 store] 
Database 'C:\Users\damdualalu2\git\AccesoADatos\Sesion3Ejemplo\db\empleados.odb' is closed by 7576@B01-PC14

------------------------------------------------------------------------------------------------------------------------

[2022-12-16 11:02:25 #1 store] 
Database 'C:\Users\damdualalu2\git\AccesoADatos\Sesion3Ejemplo\db\empleados.odb' is opened by 6680@B01-PC14

[2022-12-16 11:02:25 #2 store] 
Configuration path: ?

[2022-12-16 11:02:25 #3 type] 
Type ejemplo1.DepartamentoEntity is not enhanced.

[2022-12-16 11:02:25 #4 type] 
Type ejemplo1.EmpleadoEntity is not enhanced.

[2022-12-16 11:02:25 #5 store] 
Database 'C:\Users\damdualalu2\git\AccesoADatos\Sesion3Ejemplo\db\empleados.odb' is closed by 6680@B01-PC14

------------------------------------------------------------------------------------------------------------------------

[2022-12-16 11:06:21 #1 store] 
Database 'C:\Users\damdualalu2\git\AccesoADatos\Sesion3Ejemplo\db\empleados.odb' is opened by 2684@B01-PC14

[2022-12-16 11:06:21 #2 store] 
Configuration path: ?

[2022-12-16 11:06:21 #3 type] 
Type ejemplo1.DepartamentoEntity is not enhanced.

[2022-12-16 11:06:21 #4 type] 
Type ejemplo1.EmpleadoEntity is not enhanced.

[2022-12-16 11:06:21 #5 store] 
Database 'C:\Users\damdualalu2\git\AccesoADatos\Sesion3Ejemplo\db\empleados.odb' is closed by 2684@B01-PC14

------------------------------------------------------------------------------------------------------------------------

[2022-12-16 11:06:31 #1 store] 
Database 'C:\Users\damdualalu2\git\AccesoADatos\Sesion3Ejemplo\db\empleados.odb' is opened by 4664@B01-PC14

[2022-12-16 11:06:31 #2 store] 
Configuration path: ?

[2022-12-16 11:06:31 #3 type] 
Type ejemplo1.DepartamentoEntity is not enhanced.

[2022-12-16 11:06:31 #4 type] 
Type ejemplo1.EmpleadoEntity is not enhanced.

[2022-12-16 11:06:31 #5 store] 
Database 'C:\Users\damdualalu2\git\AccesoADatos\Sesion3Ejemplo\db\empleados.odb' is closed by 4664@B01-PC14

------------------------------------------------------------------------------------------------------------------------

[2022-12-16 12:09:42 #1 store] 
Database 'C:\Users\damdualalu2\git\AccesoADatos\Sesion3Ejemplo\db\empleados.odb' is opened by 1368@B01-PC14

[2022-12-16 12:09:42 #2 store] 
Configuration path: ?

[2022-12-16 12:09:42 #3 type] 
Type ejemplo1.DepartamentoEntity is not enhanced.

[2022-12-16 12:09:42 #4 type] 
Type ejemplo1.EmpleadoEntity is not enhanced.

------------------------------------------------------------------------------------------------------------------------

[2022-12-16 12:09:59 #1 store] 
Database 'C:\Users\damdualalu2\git\AccesoADatos\Sesion3Ejemplo\db\empleados.odb' is opened by 8152@B01-PC14

[2022-12-16 12:09:59 #2 store] 
Configuration path: ?

[2022-12-16 12:09:59 #3 type] 
Type ejemplo1.DepartamentoEntity is not enhanced.

[2022-12-16 12:09:59 #4 type] 
Type ejemplo1.EmpleadoEntity is not enhanced.

[2022-12-16 12:09:59 #5 store] 
Database 'C:\Users\damdualalu2\git\AccesoADatos\Sesion3Ejemplo\db\empleados.odb' is closed by 8152@B01-PC14

------------------------------------------------------------------------------------------------------------------------

[2022-12-16 12:10:05 #1 store] 
Database 'C:\Users\damdualalu2\git\AccesoADatos\Sesion3Ejemplo\db\empleados.odb' is opened by 1656@B01-PC14

[2022-12-16 12:10:05 #2 store] 
Configuration path: ?

[2022-12-16 12:10:05 #3 type] 
Type ejemplo1.DepartamentoEntity is not enhanced.

[2022-12-16 12:10:05 #4 type] 
Type ejemplo1.EmpleadoEntity is not enhanced.

[2022-12-16 12:10:05 #5 store] 
Database 'C:\Users\damdualalu2\git\AccesoADatos\Sesion3Ejemplo\db\empleados.odb' is closed by 1656@B01-PC14

------------------------------------------------------------------------------------------------------------------------

[2022-12-16 12:10:11 #1 store] 
Database 'C:\Users\damdualalu2\git\AccesoADatos\Sesion3Ejemplo\db\empleados.odb' is opened by 9088@B01-PC14

[2022-12-16 12:10:11 #2 store] 
Configuration path: ?

[2022-12-16 12:10:11 #3 type] 
Type ejemplo1.DepartamentoEntity is not enhanced.

[2022-12-16 12:10:11 #4 type] 
Type ejemplo1.EmpleadoEntity is not enhanced.

[2022-12-16 12:10:11 #5 store] 
Database 'C:\Users\damdualalu2\git\AccesoADatos\Sesion3Ejemplo\db\empleados.odb' is closed by 9088@B01-PC14

------------------------------------------------------------------------------------------------------------------------

[2022-12-16 12:11:03 #1 store] 
Database 'C:\Users\damdualalu2\git\AccesoADatos\Sesion3Ejemplo\db\empleados.odb' is opened by 4752@B01-PC14

[2022-12-16 12:11:03 #2 store] 
Configuration path: ?

[2022-12-16 12:11:03 #3 type] 
Type ejemplo1.DepartamentoEntity is not enhanced.

[2022-12-16 12:11:03 #4 type] 
Type ejemplo1.EmpleadoEntity is not enhanced.

------------------------------------------------------------------------------------------------------------------------

[2022-12-16 12:14:07 #1 store] 
Database 'C:\Users\damdualalu2\git\AccesoADatos\Sesion3Ejemplo\db\empleados.odb' is opened by 1080@B01-PC14

[2022-12-16 12:14:07 #2 store] 
Configuration path: ?

[2022-12-16 12:14:07 #3 type] 
Type ejemplo1.DepartamentoEntity is not enhanced.

[2022-12-16 12:14:07 #4 type] 
Type ejemplo1.EmpleadoEntity is not enhanced.

------------------------------------------------------------------------------------------------------------------------

[2022-12-16 12:15:13 #1 store] 
Database 'C:\Users\damdualalu2\git\AccesoADatos\Sesion3Ejemplo\db\empleados.odb' is opened by 6476@B01-PC14

[2022-12-16 12:15:13 #2 store] 
Configuration path: ?

[2022-12-16 12:15:14 #3 type] 
Type ejemplo1.DepartamentoEntity is not enhanced.

[2022-12-16 12:15:14 #4 type] 
Type ejemplo1.EmpleadoEntity is not enhanced.

------------------------------------------------------------------------------------------------------------------------

[2022-12-16 12:15:26 #1 store] 
Database 'C:\Users\damdualalu2\git\AccesoADatos\Sesion3Ejemplo\db\empleados.odb' is opened by 4092@B01-PC14

[2022-12-16 12:15:26 #2 store] 
Configuration path: ?

[2022-12-16 12:15:27 #3 type] 
Type ejemplo1.DepartamentoEntity is not enhanced.

[2022-12-16 12:15:27 #4 type] 
Type ejemplo1.EmpleadoEntity is not enhanced.

------------------------------------------------------------------------------------------------------------------------

[2022-12-16 12:15:56 #1 store] 
Database 'C:\Users\damdualalu2\git\AccesoADatos\Sesion3Ejemplo\db\empleados.odb' is opened by 4060@B01-PC14

[2022-12-16 12:15:56 #2 store] 
Configuration path: ?

[2022-12-16 12:15:56 #3 type] 
Type ejemplo1.DepartamentoEntity is not enhanced.

[2022-12-16 12:15:56 #4 type] 
Type ejemplo1.EmpleadoEntity is not enhanced.

------------------------------------------------------------------------------------------------------------------------

[2022-12-16 12:16:23 #1 store] 
Database 'C:\Users\damdualalu2\git\AccesoADatos\Sesion3Ejemplo\db\empleados.odb' is opened by 1484@B01-PC14

[2022-12-16 12:16:23 #2 store] 
Configuration path: ?

[2022-12-16 12:16:23 #3 type] 
Type ejemplo1.DepartamentoEntity is not enhanced.

[2022-12-16 12:16:23 #4 type] 
Type ejemplo1.EmpleadoEntity is not enhanced.

[2022-12-16 12:16:24 #5 store] 
Database 'C:\Users\damdualalu2\git\AccesoADatos\Sesion3Ejemplo\db\empleados.odb' is closed by 1484@B01-PC14

------------------------------------------------------------------------------------------------------------------------

[2022-12-16 12:16:48 #1 store] 
Database 'C:\Users\damdualalu2\git\AccesoADatos\Sesion3Ejemplo\db\empleados.odb' is opened by 8556@B01-PC14

[2022-12-16 12:16:48 #2 store] 
Configuration path: ?

[2022-12-16 12:16:48 #3 type] 
Type ejemplo1.DepartamentoEntity is not enhanced.

[2022-12-16 12:16:48 #4 type] 
Type ejemplo1.EmpleadoEntity is not enhanced.

------------------------------------------------------------------------------------------------------------------------

[2022-12-16 12:16:54 #1 store] 
Database 'C:\Users\damdualalu2\git\AccesoADatos\Sesion3Ejemplo\db\empleados.odb' is opened by 8500@B01-PC14

[2022-12-16 12:16:54 #2 store] 
Configuration path: ?

[2022-12-16 12:16:54 #3 type] 
Type ejemplo1.DepartamentoEntity is not enhanced.

[2022-12-16 12:16:54 #4 type] 
Type ejemplo1.EmpleadoEntity is not enhanced.

[2022-12-16 12:16:54 #5 store] 
Database 'C:\Users\damdualalu2\git\AccesoADatos\Sesion3Ejemplo\db\empleados.odb' is closed by 8500@B01-PC14

------------------------------------------------------------------------------------------------------------------------

[2022-12-16 12:17:20 #1 store] 
Database 'C:\Users\damdualalu2\git\AccesoADatos\Sesion3Ejemplo\db\empleados.odb' is opened by 924@B01-PC14

[2022-12-16 12:17:20 #2 store] 
Configuration path: ?

[2022-12-16 12:17:20 #3 type] 
Type ejemplo1.DepartamentoEntity is not enhanced.

[2022-12-16 12:17:20 #4 type] 
Type ejemplo1.EmpleadoEntity is not enhanced.

[2022-12-16 12:17:21 #5 store] 
Database 'C:\Users\damdualalu2\git\AccesoADatos\Sesion3Ejemplo\db\empleados.odb' is closed by 924@B01-PC14

------------------------------------------------------------------------------------------------------------------------

[2022-12-16 12:18:41 #1 store] 
Database 'C:\Users\damdualalu2\git\AccesoADatos\Sesion3Ejemplo\db\empleados.odb' is opened by 9700@B01-PC14

[2022-12-16 12:18:41 #2 store] 
Configuration path: ?

[2022-12-16 12:18:41 #3 type] 
Type ejemplo1.DepartamentoEntity is not enhanced.

[2022-12-16 12:18:41 #4 type] 
Type ejemplo1.EmpleadoEntity is not enhanced.

[2022-12-16 12:18:41 #5 store] 
Database 'C:\Users\damdualalu2\git\AccesoADatos\Sesion3Ejemplo\db\empleados.odb' is closed by 9700@B01-PC14

------------------------------------------------------------------------------------------------------------------------

[2022-12-16 12:18:51 #1 store] 
Database 'C:\Users\damdualalu2\git\AccesoADatos\Sesion3Ejemplo\db\empleados.odb' is opened by 3076@B01-PC14

[2022-12-16 12:18:51 #2 store] 
Configuration path: ?

[2022-12-16 12:18:51 #3 type] 
Type ejemplo1.DepartamentoEntity is not enhanced.

[2022-12-16 12:18:51 #4 type] 
Type ejemplo1.EmpleadoEntity is not enhanced.

------------------------------------------------------------------------------------------------------------------------

[2022-12-16 12:19:39 #1 store] 
Database 'C:\Users\damdualalu2\git\AccesoADatos\Sesion3Ejemplo\db\empleados.odb' is opened by 9892@B01-PC14

[2022-12-16 12:19:39 #2 store] 
Configuration path: ?

[2022-12-16 12:19:39 #3 type] 
Type ejemplo1.DepartamentoEntity is not enhanced.

[2022-12-16 12:19:39 #4 type] 
Type ejemplo1.EmpleadoEntity is not enhanced.

[2022-12-16 12:19:39 #5 store] 
Database 'C:\Users\damdualalu2\git\AccesoADatos\Sesion3Ejemplo\db\empleados.odb' is closed by 9892@B01-PC14

------------------------------------------------------------------------------------------------------------------------

[2022-12-16 12:20:20 #1 store] 
Database 'C:\Users\damdualalu2\git\AccesoADatos\Sesion3Ejemplo\db\empleados.odb' is opened by 11168@B01-PC14

[2022-12-16 12:20:20 #2 store] 
Configuration path: ?

[2022-12-16 12:20:20 #3 type] 
Type ejemplo1.DepartamentoEntity is not enhanced.

[2022-12-16 12:20:20 #4 type] 
Type ejemplo1.EmpleadoEntity is not enhanced.

[2022-12-16 12:20:20 #5 store] 
Database 'C:\Users\damdualalu2\git\AccesoADatos\Sesion3Ejemplo\db\empleados.odb' is closed by 11168@B01-PC14

------------------------------------------------------------------------------------------------------------------------

[2022-12-16 12:20:23 #1 store] 
Database 'C:\Users\damdualalu2\git\AccesoADatos\Sesion3Ejemplo\db\empleados.odb' is opened by 8704@B01-PC14

[2022-12-16 12:20:23 #2 store] 
Configuration path: ?

[2022-12-16 12:20:23 #3 type] 
Type ejemplo1.DepartamentoEntity is not enhanced.

[2022-12-16 12:20:23 #4 type] 
Type ejemplo1.EmpleadoEntity is not enhanced.

[2022-12-16 12:20:23 #5 store] 
Database 'C:\Users\damdualalu2\git\AccesoADatos\Sesion3Ejemplo\db\empleados.odb' is closed by 8704@B01-PC14

------------------------------------------------------------------------------------------------------------------------

[2022-12-16 12:20:30 #1 store] 
Database 'C:\Users\damdualalu2\git\AccesoADatos\Sesion3Ejemplo\db\empleados.odb' is opened by 1256@B01-PC14

[2022-12-16 12:20:30 #2 store] 
Configuration path: ?

[2022-12-16 12:20:30 #3 type] 
Type ejemplo1.DepartamentoEntity is not enhanced.

[2022-12-16 12:20:30 #4 type] 
Type ejemplo1.EmpleadoEntity is not enhanced.

[2022-12-16 12:20:30 #5 store] 
Database 'C:\Users\damdualalu2\git\AccesoADatos\Sesion3Ejemplo\db\empleados.odb' is closed by 1256@B01-PC14

------------------------------------------------------------------------------------------------------------------------

[2022-12-16 12:20:31 #1 store] 
Database 'C:\Users\damdualalu2\git\AccesoADatos\Sesion3Ejemplo\db\empleados.odb' is opened by 3548@B01-PC14

[2022-12-16 12:20:31 #2 store] 
Configuration path: ?

[2022-12-16 12:20:31 #3 type] 
Type ejemplo1.DepartamentoEntity is not enhanced.

[2022-12-16 12:20:31 #4 type] 
Type ejemplo1.EmpleadoEntity is not enhanced.

[2022-12-16 12:20:31 #5 store] 
Database 'C:\Users\damdualalu2\git\AccesoADatos\Sesion3Ejemplo\db\empleados.odb' is closed by 3548@B01-PC14

------------------------------------------------------------------------------------------------------------------------

[2022-12-16 12:20:31 #1 store] 
Database 'C:\Users\damdualalu2\git\AccesoADatos\Sesion3Ejemplo\db\empleados.odb' is opened by 6696@B01-PC14

[2022-12-16 12:20:31 #2 store] 
Configuration path: ?

[2022-12-16 12:20:31 #3 type] 
Type ejemplo1.DepartamentoEntity is not enhanced.

[2022-12-16 12:20:31 #4 type] 
Type ejemplo1.EmpleadoEntity is not enhanced.

[2022-12-16 12:20:31 #5 store] 
Database 'C:\Users\damdualalu2\git\AccesoADatos\Sesion3Ejemplo\db\empleados.odb' is closed by 6696@B01-PC14

------------------------------------------------------------------------------------------------------------------------

[2022-12-16 12:20:32 #1 store] 
Database 'C:\Users\damdualalu2\git\AccesoADatos\Sesion3Ejemplo\db\empleados.odb' is opened by 7752@B01-PC14

[2022-12-16 12:20:32 #2 store] 
Configuration path: ?

[2022-12-16 12:20:32 #3 type] 
Type ejemplo1.DepartamentoEntity is not enhanced.

[2022-12-16 12:20:32 #4 type] 
Type ejemplo1.EmpleadoEntity is not enhanced.

[2022-12-16 12:20:32 #5 store] 
Database 'C:\Users\damdualalu2\git\AccesoADatos\Sesion3Ejemplo\db\empleados.odb' is closed by 7752@B01-PC14

------------------------------------------------------------------------------------------------------------------------

[2022-12-16 12:20:35 #1 store] 
Database 'C:\Users\damdualalu2\git\AccesoADatos\Sesion3Ejemplo\db\empleados.odb' is opened by 7488@B01-PC14

[2022-12-16 12:20:35 #2 store] 
Configuration path: ?

[2022-12-16 12:20:35 #3 type] 
Type ejemplo1.DepartamentoEntity is not enhanced.

[2022-12-16 12:20:35 #4 type] 
Type ejemplo1.EmpleadoEntity is not enhanced.

------------------------------------------------------------------------------------------------------------------------

[2022-12-16 12:20:39 #1 store] 
Database 'C:\Users\damdualalu2\git\AccesoADatos\Sesion3Ejemplo\db\empleados.odb' is opened by 7360@B01-PC14

[2022-12-16 12:20:39 #2 store] 
Configuration path: ?

[2022-12-16 12:20:39 #3 type] 
Type ejemplo1.DepartamentoEntity is not enhanced.

[2022-12-16 12:20:39 #4 type] 
Type ejemplo1.EmpleadoEntity is not enhanced.

[2022-12-16 12:20:39 #5 store] 
Database 'C:\Users\damdualalu2\git\AccesoADatos\Sesion3Ejemplo\db\empleados.odb' is closed by 7360@B01-PC14

------------------------------------------------------------------------------------------------------------------------

[2022-12-16 12:22:46 #1 store] 
Database 'C:\Users\damdualalu2\git\AccesoADatos\Sesion3Ejemplo\db\empleados.odb' is opened by 8836@B01-PC14

[2022-12-16 12:22:46 #2 store] 
Configuration path: ?

[2022-12-16 12:22:46 #3 type] 
Type ejemplo1.DepartamentoEntity is not enhanced.

[2022-12-16 12:22:46 #4 type] 
Type ejemplo1.EmpleadoEntity is not enhanced.

[2022-12-16 12:22:46 #5 store] 
Database 'C:\Users\damdualalu2\git\AccesoADatos\Sesion3Ejemplo\db\empleados.odb' is closed by 8836@B01-PC14

------------------------------------------------------------------------------------------------------------------------

[2022-12-16 12:22:55 #1 store] 
Database 'C:\Users\damdualalu2\git\AccesoADatos\Sesion3Ejemplo\db\empleados.odb' is opened by 7848@B01-PC14

[2022-12-16 12:22:55 #2 store] 
Configuration path: ?

[2022-12-16 12:22:55 #3 type] 
Type ejemplo1.DepartamentoEntity is not enhanced.

[2022-12-16 12:22:55 #4 type] 
Type ejemplo1.EmpleadoEntity is not enhanced.

[2022-12-16 12:22:55 #5 store] 
Database 'C:\Users\damdualalu2\git\AccesoADatos\Sesion3Ejemplo\db\empleados.odb' is closed by 7848@B01-PC14

------------------------------------------------------------------------------------------------------------------------

[2022-12-16 12:23:43 #1 store] 
Database 'C:\Users\damdualalu2\git\AccesoADatos\Sesion3Ejemplo\db\empleados.odb' is opened by 1272@B01-PC14

[2022-12-16 12:23:43 #2 store] 
Configuration path: ?

[2022-12-16 12:23:43 #3 type] 
Type ejemplo1.DepartamentoEntity is not enhanced.

[2022-12-16 12:23:43 #4 type] 
Type ejemplo1.EmpleadoEntity is not enhanced.

[2022-12-16 12:23:43 #5 store] 
Database 'C:\Users\damdualalu2\git\AccesoADatos\Sesion3Ejemplo\db\empleados.odb' is closed by 1272@B01-PC14

------------------------------------------------------------------------------------------------------------------------

[2022-12-16 12:23:56 #1 store] 
Database 'C:\Users\damdualalu2\git\AccesoADatos\Sesion3Ejemplo\db\empleados.odb' is opened by 5268@B01-PC14

[2022-12-16 12:23:56 #2 store] 
Configuration path: ?

[2022-12-16 12:23:56 #3 type] 
Type ejemplo1.DepartamentoEntity is not enhanced.

[2022-12-16 12:23:56 #4 type] 
Type ejemplo1.EmpleadoEntity is not enhanced.

[2022-12-16 12:23:56 #5 store] 
Database 'C:\Users\damdualalu2\git\AccesoADatos\Sesion3Ejemplo\db\empleados.odb' is closed by 5268@B01-PC14

------------------------------------------------------------------------------------------------------------------------

[2022-12-16 12:24:47 #1 store] 
Database 'C:\Users\damdualalu2\git\AccesoADatos\Sesion3Ejemplo\db\empleados.odb' is opened by 7812@B01-PC14

[2022-12-16 12:24:47 #2 store] 
Configuration path: ?

[2022-12-16 12:24:47 #3 type] 
Type ejemplo1.DepartamentoEntity is not enhanced.

[2022-12-16 12:24:47 #4 type] 
Type ejemplo1.EmpleadoEntity is not enhanced.

[2022-12-16 12:24:47 #5 store] 
Database 'C:\Users\damdualalu2\git\AccesoADatos\Sesion3Ejemplo\db\empleados.odb' is closed by 7812@B01-PC14

------------------------------------------------------------------------------------------------------------------------

[2022-12-16 12:34:19 #1 store] 
Database 'C:\Users\damdualalu2\git\AccesoADatos\Sesion3Ejemplo\db\empleados.odb' is opened by 6316@B01-PC14

[2022-12-16 12:34:19 #2 store] 
Configuration path: ?

[2022-12-16 12:34:20 #3 type] 
Type ejemplo1.DepartamentoEntity is not enhanced.

[2022-12-16 12:34:20 #4 type] 
Type ejemplo1.EmpleadoEntity is not enhanced.

[2022-12-16 12:34:20 #5 store] 
Database 'C:\Users\damdualalu2\git\AccesoADatos\Sesion3Ejemplo\db\empleados.odb' is closed by 6316@B01-PC14

------------------------------------------------------------------------------------------------------------------------

[2022-12-16 12:37:20 #1 store] 
Database 'C:\Users\damdualalu2\git\AccesoADatos\Sesion3Ejemplo\db\empleados.odb' is opened by 7256@B01-PC14

[2022-12-16 12:37:20 #2 store] 
Configuration path: ?

[2022-12-16 12:37:20 #3 type] 
Type ejemplo1.DepartamentoEntity is not enhanced.

[2022-12-16 12:37:20 #4 type] 
Type ejemplo1.EmpleadoEntity is not enhanced.

------------------------------------------------------------------------------------------------------------------------

[2022-12-16 12:37:31 #1 store] 
Database 'C:\Users\damdualalu2\git\AccesoADatos\Sesion3Ejemplo\db\empleados.odb' has been recovered (tr. 38-38)

[2022-12-16 12:37:31 #2 store] 
Database 'C:\Users\damdualalu2\git\AccesoADatos\Sesion3Ejemplo\db\empleados.odb' is opened by 7384@B01-PC14

[2022-12-16 12:37:31 #3 store] 
Configuration path: ?

[2022-12-16 12:37:31 #4 type] 
Type ejemplo1.DepartamentoEntity is not enhanced.

[2022-12-16 12:37:31 #5 type] 
Type ejemplo1.EmpleadoEntity is not enhanced.

[2022-12-16 12:37:32 #6 store] 
Database 'C:\Users\damdualalu2\git\AccesoADatos\Sesion3Ejemplo\db\empleados.odb' is closed by 7384@B01-PC14

------------------------------------------------------------------------------------------------------------------------

[2022-12-16 12:39:54 #1 store] 
Database 'C:\Users\damdualalu2\git\AccesoADatos\Sesion3Ejemplo\db\empleados.odb' is opened by 6484@B01-PC14

[2022-12-16 12:39:54 #2 store] 
Configuration path: ?

[2022-12-16 12:39:54 #3 type] 
Type ejemplo1.DepartamentoEntity is not enhanced.

[2022-12-16 12:39:54 #4 type] 
Type ejemplo1.EmpleadoEntity is not enhanced.

------------------------------------------------------------------------------------------------------------------------

[2022-12-16 12:40:39 #1 store] 
Database 'C:\Users\damdualalu2\git\AccesoADatos\Sesion3Ejemplo\db\empleados.odb' has been recovered (tr. 42-42)

[2022-12-16 12:40:39 #2 store] 
Database 'C:\Users\damdualalu2\git\AccesoADatos\Sesion3Ejemplo\db\empleados.odb' is opened by 9744@B01-PC14

[2022-12-16 12:40:39 #3 store] 
Configuration path: ?

[2022-12-16 12:40:39 #4 type] 
Type ejemplo1.DepartamentoEntity is not enhanced.

[2022-12-16 12:40:39 #5 type] 
Type ejemplo1.EmpleadoEntity is not enhanced.

[2022-12-16 12:40:39 #6 store] 
Database 'C:\Users\damdualalu2\git\AccesoADatos\Sesion3Ejemplo\db\empleados.odb' is closed by 9744@B01-PC14

------------------------------------------------------------------------------------------------------------------------

[2022-12-16 12:40:48 #1 store] 
Database 'C:\Users\damdualalu2\git\AccesoADatos\Sesion3Ejemplo\db\empleados.odb' is opened by 1068@B01-PC14

[2022-12-16 12:40:48 #2 store] 
Configuration path: ?

[2022-12-16 12:40:48 #3 type] 
Type ejemplo1.DepartamentoEntity is not enhanced.

[2022-12-16 12:40:48 #4 type] 
Type ejemplo1.EmpleadoEntity is not enhanced.

[2022-12-16 12:40:48 #5 store] 
Database 'C:\Users\damdualalu2\git\AccesoADatos\Sesion3Ejemplo\db\empleados.odb' is closed by 1068@B01-PC14

------------------------------------------------------------------------------------------------------------------------

[2022-12-16 12:45:27 #1 store] 
Database 'C:\Users\damdualalu2\git\AccesoADatos\Sesion3Ejemplo\db\empleados.odb' is opened by 10988@B01-PC14

[2022-12-16 12:45:27 #2 store] 
Configuration path: ?

[2022-12-16 12:45:27 #3 type] 
Type ejemplo1.DepartamentoEntity is not enhanced.

[2022-12-16 12:45:27 #4 type] 
Type ejemplo1.EmpleadoEntity is not enhanced.

[2022-12-16 12:45:27 #5 store] 
Database 'C:\Users\damdualalu2\git\AccesoADatos\Sesion3Ejemplo\db\empleados.odb' is closed by 10988@B01-PC14

------------------------------------------------------------------------------------------------------------------------

[2022-12-16 12:45:38 #1 store] 
Database 'C:\Users\damdualalu2\git\AccesoADatos\Sesion3Ejemplo\db\empleados.odb' is opened by 9140@B01-PC14

[2022-12-16 12:45:38 #2 store] 
Configuration path: ?

[2022-12-16 12:45:38 #3 type] 
Type ejemplo1.DepartamentoEntity is not enhanced.

[2022-12-16 12:45:38 #4 type] 
Type ejemplo1.EmpleadoEntity is not enhanced.

[2022-12-16 12:45:38 #5 store] 
Database 'C:\Users\damdualalu2\git\AccesoADatos\Sesion3Ejemplo\db\empleados.odb' is closed by 9140@B01-PC14

------------------------------------------------------------------------------------------------------------------------

[2022-12-16 12:46:30 #1 store] 
Database 'C:\Users\damdualalu2\git\AccesoADatos\Sesion3Ejemplo\db\empleados.odb' is opened by 4560@B01-PC14

[2022-12-16 12:46:30 #2 store] 
Configuration path: ?

[2022-12-16 12:46:30 #3 type] 
Type ejemplo1.DepartamentoEntity is not enhanced.

[2022-12-16 12:46:30 #4 type] 
Type ejemplo1.EmpleadoEntity is not enhanced.

[2022-12-16 12:46:30 #5 store] 
Database 'C:\Users\damdualalu2\git\AccesoADatos\Sesion3Ejemplo\db\empleados.odb' is closed by 4560@B01-PC14

------------------------------------------------------------------------------------------------------------------------

[2022-12-16 12:46:35 #1 store] 
Database 'C:\Users\damdualalu2\git\AccesoADatos\Sesion3Ejemplo\db\empleados.odb' is opened by 8908@B01-PC14

[2022-12-16 12:46:35 #2 store] 
Configuration path: ?

[2022-12-16 12:46:35 #3 type] 
Type ejemplo1.DepartamentoEntity is not enhanced.

[2022-12-16 12:46:35 #4 type] 
Type ejemplo1.EmpleadoEntity is not enhanced.

[2022-12-16 12:46:35 #5 store] 
Database 'C:\Users\damdualalu2\git\AccesoADatos\Sesion3Ejemplo\db\empleados.odb' is closed by 8908@B01-PC14

------------------------------------------------------------------------------------------------------------------------

[2022-12-16 12:48:35 #1 store] 
Database 'C:\Users\damdualalu2\git\AccesoADatos\Sesion3Ejemplo\db\empleados.odb' is opened by 1016@B01-PC14

[2022-12-16 12:48:35 #2 store] 
Configuration path: ?

[2022-12-16 12:48:35 #3 type] 
Type ejemplo1.DepartamentoEntity is not enhanced.

[2022-12-16 12:48:35 #4 type] 
Type ejemplo1.EmpleadoEntity is not enhanced.

[2022-12-16 12:48:35 #5 query] 
Error during query execution: UPDATE EmpleadoEntity e SET e.salario = e.salario*:sal WHERE e.departamento.dptoId = :of ({of->20,sal->1.3})

[2022-12-16 12:48:35 #6 *] 
[ObjectDB 2.8.6] Unexpected exception (Error 990)
  Generated by Java HotSpot(TM) 64-Bit Server VM 1.8.0_341 (on Windows 10 10.0).
Please report this error on http://www.objectdb.com/issue/new
com.objectdb.o.InternalException: null
com.objectdb.o.InternalException
	at com.objectdb.o.InternalException.f(InternalException.java:235)
	at com.objectdb.o.QRC.i(QRC.java:294)
	at com.objectdb.o.QRC.j(QRC.java:197)
	at com.objectdb.o.QRM.Zq(QRM.java:273)
	at com.objectdb.o.MST.Zq(MST.java:1019)
	at com.objectdb.o.WRA.Zq(WRA.java:313)
	at com.objectdb.o.WSM.Zq(WSM.java:117)
	at com.objectdb.o.QRR.k(QRR.java:260)
	at com.objectdb.o.QRR.i(QRR.java:154)
	at com.objectdb.jpa.JpaQuery.executeUpdate(JpaQuery.java:791)
	at ejemplo1.AccesoBdatos.incrementarSalarioDepartamento(AccesoBdatos.java:331)
	at ejemplo1.MainEjercicios.main(MainEjercicios.java:25)

------------------------------------------------------------------------------------------------------------------------

[2022-12-16 12:48:46 #1 store] 
Database 'C:\Users\damdualalu2\git\AccesoADatos\Sesion3Ejemplo\db\empleados.odb' is opened by 4848@B01-PC14

[2022-12-16 12:48:46 #2 store] 
Configuration path: ?

[2022-12-16 12:48:46 #3 type] 
Type ejemplo1.DepartamentoEntity is not enhanced.

[2022-12-16 12:48:46 #4 type] 
Type ejemplo1.EmpleadoEntity is not enhanced.

[2022-12-16 12:48:46 #5 query] 
Error during query execution: UPDATE EmpleadoEntity e SET e.salario = e.salario*:sal WHERE e.departamento.dptoId = :of ({of->20,sal->1.3})

[2022-12-16 12:48:46 #6 *] 
[ObjectDB 2.8.6] Unexpected exception (Error 990)
  Generated by Java HotSpot(TM) 64-Bit Server VM 1.8.0_341 (on Windows 10 10.0).
Please report this error on http://www.objectdb.com/issue/new
com.objectdb.o.InternalException: null
com.objectdb.o.InternalException
	at com.objectdb.o.InternalException.f(InternalException.java:235)
	at com.objectdb.o.QRC.i(QRC.java:294)
	at com.objectdb.o.QRC.j(QRC.java:197)
	at com.objectdb.o.QRM.Zq(QRM.java:273)
	at com.objectdb.o.MST.Zq(MST.java:1019)
	at com.objectdb.o.WRA.Zq(WRA.java:313)
	at com.objectdb.o.WSM.Zq(WSM.java:117)
	at com.objectdb.o.QRR.k(QRR.java:260)
	at com.objectdb.o.QRR.i(QRR.java:154)
	at com.objectdb.jpa.JpaQuery.executeUpdate(JpaQuery.java:791)
	at ejemplo1.AccesoBdatos.incrementarSalarioDepartamento(AccesoBdatos.java:331)
	at ejemplo1.MainEjercicios.main(MainEjercicios.java:25)

------------------------------------------------------------------------------------------------------------------------

[2022-12-16 12:49:12 #1 store] 
Database 'C:\Users\damdualalu2\git\AccesoADatos\Sesion3Ejemplo\db\empleados.odb' is opened by 3996@B01-PC14

[2022-12-16 12:49:12 #2 store] 
Configuration path: ?

[2022-12-16 12:49:12 #3 type] 
Type ejemplo1.DepartamentoEntity is not enhanced.

[2022-12-16 12:49:12 #4 type] 
Type ejemplo1.EmpleadoEntity is not enhanced.

------------------------------------------------------------------------------------------------------------------------

[2022-12-16 12:50:01 #1 store] 
Database 'C:\Users\damdualalu2\git\AccesoADatos\Sesion3Ejemplo\db\empleados.odb' is opened by 9056@B01-PC14

[2022-12-16 12:50:01 #2 store] 
Configuration path: ?

[2022-12-16 12:50:01 #3 type] 
Type ejemplo1.DepartamentoEntity is not enhanced.

[2022-12-16 12:50:01 #4 type] 
Type ejemplo1.EmpleadoEntity is not enhanced.

------------------------------------------------------------------------------------------------------------------------

[2022-12-16 12:50:21 #1 store] 
Database 'C:\Users\damdualalu2\git\AccesoADatos\Sesion3Ejemplo\db\empleados.odb' is opened by 6248@B01-PC14

[2022-12-16 12:50:21 #2 store] 
Configuration path: ?

[2022-12-16 12:50:21 #3 type] 
Type ejemplo1.DepartamentoEntity is not enhanced.

[2022-12-16 12:50:21 #4 type] 
Type ejemplo1.EmpleadoEntity is not enhanced.

[2022-12-16 12:50:21 #5 store] 
Database 'C:\Users\damdualalu2\git\AccesoADatos\Sesion3Ejemplo\db\empleados.odb' is closed by 6248@B01-PC14

------------------------------------------------------------------------------------------------------------------------

[2022-12-16 12:51:00 #1 store] 
Database 'C:\Users\damdualalu2\git\AccesoADatos\Sesion3Ejemplo\db\empleados.odb' is opened by 9724@B01-PC14

[2022-12-16 12:51:00 #2 store] 
Configuration path: ?

[2022-12-16 12:51:00 #3 type] 
Type ejemplo1.DepartamentoEntity is not enhanced.

[2022-12-16 12:51:00 #4 type] 
Type ejemplo1.EmpleadoEntity is not enhanced.

[2022-12-16 12:51:00 #5 query] 
Error during query execution: UPDATE EmpleadoEntity e SET e.salario = e.salario*:sal WHERE e.departamento.dptoId == :of ({of->20,sal->1.3})

[2022-12-16 12:51:00 #6 *] 
[ObjectDB 2.8.6] Unexpected exception (Error 990)
  Generated by Java HotSpot(TM) 64-Bit Server VM 1.8.0_341 (on Windows 10 10.0).
Please report this error on http://www.objectdb.com/issue/new
com.objectdb.o.InternalException: null
com.objectdb.o.InternalException
	at com.objectdb.o.InternalException.f(InternalException.java:235)
	at com.objectdb.o.QRC.i(QRC.java:294)
	at com.objectdb.o.QRC.j(QRC.java:197)
	at com.objectdb.o.QRM.Zq(QRM.java:273)
	at com.objectdb.o.MST.Zq(MST.java:1019)
	at com.objectdb.o.WRA.Zq(WRA.java:313)
	at com.objectdb.o.WSM.Zq(WSM.java:117)
	at com.objectdb.o.QRR.k(QRR.java:260)
	at com.objectdb.o.QRR.i(QRR.java:154)
	at com.objectdb.jpa.JpaQuery.executeUpdate(JpaQuery.java:791)
	at ejemplo1.AccesoBdatos.incrementarSalarioDepartamento(AccesoBdatos.java:331)
	at ejemplo1.MainEjercicios.main(MainEjercicios.java:25)

------------------------------------------------------------------------------------------------------------------------

[2022-12-16 12:51:04 #1 store] 
Database 'C:\Users\damdualalu2\git\AccesoADatos\Sesion3Ejemplo\db\empleados.odb' is opened by 9364@B01-PC14

[2022-12-16 12:51:04 #2 store] 
Configuration path: ?

[2022-12-16 12:51:04 #3 type] 
Type ejemplo1.DepartamentoEntity is not enhanced.

[2022-12-16 12:51:04 #4 type] 
Type ejemplo1.EmpleadoEntity is not enhanced.

[2022-12-16 12:51:05 #5 query] 
Error during query execution: UPDATE EmpleadoEntity e SET e.salario = e.salario*:sal WHERE e.departamento.dptoId = :of ({of->20,sal->1.3})

[2022-12-16 12:51:05 #6 *] 
[ObjectDB 2.8.6] Unexpected exception (Error 990)
  Generated by Java HotSpot(TM) 64-Bit Server VM 1.8.0_341 (on Windows 10 10.0).
Please report this error on http://www.objectdb.com/issue/new
com.objectdb.o.InternalException: null
com.objectdb.o.InternalException
	at com.objectdb.o.InternalException.f(InternalException.java:235)
	at com.objectdb.o.QRC.i(QRC.java:294)
	at com.objectdb.o.QRC.j(QRC.java:197)
	at com.objectdb.o.QRM.Zq(QRM.java:273)
	at com.objectdb.o.MST.Zq(MST.java:1019)
	at com.objectdb.o.WRA.Zq(WRA.java:313)
	at com.objectdb.o.WSM.Zq(WSM.java:117)
	at com.objectdb.o.QRR.k(QRR.java:260)
	at com.objectdb.o.QRR.i(QRR.java:154)
	at com.objectdb.jpa.JpaQuery.executeUpdate(JpaQuery.java:791)
	at ejemplo1.AccesoBdatos.incrementarSalarioDepartamento(AccesoBdatos.java:331)
	at ejemplo1.MainEjercicios.main(MainEjercicios.java:25)

------------------------------------------------------------------------------------------------------------------------

[2022-12-16 12:51:35 #1 store] 
Database 'C:\Users\damdualalu2\git\AccesoADatos\Sesion3Ejemplo\db\empleados.odb' is opened by 2056@B01-PC14

[2022-12-16 12:51:35 #2 store] 
Configuration path: ?

[2022-12-16 12:51:35 #3 type] 
Type ejemplo1.DepartamentoEntity is not enhanced.

[2022-12-16 12:51:35 #4 type] 
Type ejemplo1.EmpleadoEntity is not enhanced.

------------------------------------------------------------------------------------------------------------------------

[2022-12-16 12:51:42 #1 store] 
Database 'C:\Users\damdualalu2\git\AccesoADatos\Sesion3Ejemplo\db\empleados.odb' is opened by 3140@B01-PC14

[2022-12-16 12:51:42 #2 store] 
Configuration path: ?

[2022-12-16 12:51:42 #3 type] 
Type ejemplo1.DepartamentoEntity is not enhanced.

[2022-12-16 12:51:42 #4 type] 
Type ejemplo1.EmpleadoEntity is not enhanced.

------------------------------------------------------------------------------------------------------------------------

[2022-12-16 12:52:25 #1 store] 
Database 'C:\Users\damdualalu2\git\AccesoADatos\Sesion3Ejemplo\db\empleados.odb' is opened by 8908@B01-PC14

[2022-12-16 12:52:25 #2 store] 
Configuration path: ?

[2022-12-16 12:52:25 #3 type] 
Type ejemplo1.DepartamentoEntity is not enhanced.

[2022-12-16 12:52:25 #4 type] 
Type ejemplo1.EmpleadoEntity is not enhanced.

------------------------------------------------------------------------------------------------------------------------

[2022-12-16 12:52:33 #1 store] 
Database 'C:\Users\damdualalu2\git\AccesoADatos\Sesion3Ejemplo\db\empleados.odb' is opened by 9688@B01-PC14

[2022-12-16 12:52:33 #2 store] 
Configuration path: ?

[2022-12-16 12:52:33 #3 type] 
Type ejemplo1.DepartamentoEntity is not enhanced.

[2022-12-16 12:52:33 #4 type] 
Type ejemplo1.EmpleadoEntity is not enhanced.

[2022-12-16 12:52:33 #5 query] 
Error during query execution: UPDATE EmpleadoEntity e SET e.salario = e.salario*:sal WHERE e.departamento.dptoId = 10({of->20,sal->1.3})

[2022-12-16 12:52:33 #6 *] 
[ObjectDB 2.8.6] Unexpected exception (Error 990)
  Generated by Java HotSpot(TM) 64-Bit Server VM 1.8.0_341 (on Windows 10 10.0).
Please report this error on http://www.objectdb.com/issue/new
com.objectdb.o.InternalException: null
com.objectdb.o.InternalException
	at com.objectdb.o.InternalException.f(InternalException.java:235)
	at com.objectdb.o.QRC.i(QRC.java:294)
	at com.objectdb.o.QRC.j(QRC.java:197)
	at com.objectdb.o.QRM.Zq(QRM.java:273)
	at com.objectdb.o.MST.Zq(MST.java:1019)
	at com.objectdb.o.WRA.Zq(WRA.java:313)
	at com.objectdb.o.WSM.Zq(WSM.java:117)
	at com.objectdb.o.QRR.k(QRR.java:260)
	at com.objectdb.o.QRR.i(QRR.java:154)
	at com.objectdb.jpa.JpaQuery.executeUpdate(JpaQuery.java:791)
	at ejemplo1.AccesoBdatos.incrementarSalarioDepartamento(AccesoBdatos.java:331)
	at ejemplo1.MainEjercicios.main(MainEjercicios.java:25)

------------------------------------------------------------------------------------------------------------------------

[2022-12-16 12:52:45 #1 store] 
Database 'C:\Users\damdualalu2\git\AccesoADatos\Sesion3Ejemplo\db\empleados.odb' is opened by 10780@B01-PC14

[2022-12-16 12:52:45 #2 store] 
Configuration path: ?

[2022-12-16 12:52:45 #3 type] 
Type ejemplo1.DepartamentoEntity is not enhanced.

[2022-12-16 12:52:45 #4 type] 
Type ejemplo1.EmpleadoEntity is not enhanced.

[2022-12-16 12:52:45 #5 query] 
Error during query execution: UPDATE EmpleadoEntity e SET e.salario = e.salario*:sal WHERE e.departamento.dptoId = 10({of->20,sal->1.3})

[2022-12-16 12:52:45 #6 *] 
[ObjectDB 2.8.6] Unexpected exception (Error 990)
  Generated by Java HotSpot(TM) 64-Bit Server VM 1.8.0_341 (on Windows 10 10.0).
Please report this error on http://www.objectdb.com/issue/new
com.objectdb.o.InternalException: null
com.objectdb.o.InternalException
	at com.objectdb.o.InternalException.f(InternalException.java:235)
	at com.objectdb.o.QRC.i(QRC.java:294)
	at com.objectdb.o.QRC.j(QRC.java:197)
	at com.objectdb.o.QRM.Zq(QRM.java:273)
	at com.objectdb.o.MST.Zq(MST.java:1019)
	at com.objectdb.o.WRA.Zq(WRA.java:313)
	at com.objectdb.o.WSM.Zq(WSM.java:117)
	at com.objectdb.o.QRR.k(QRR.java:260)
	at com.objectdb.o.QRR.i(QRR.java:154)
	at com.objectdb.jpa.JpaQuery.executeUpdate(JpaQuery.java:791)
	at ejemplo1.AccesoBdatos.incrementarSalarioDepartamento(AccesoBdatos.java:331)
	at ejemplo1.MainEjercicios.main(MainEjercicios.java:25)

------------------------------------------------------------------------------------------------------------------------

[2022-12-16 12:53:17 #1 store] 
Database 'C:\Users\damdualalu2\git\AccesoADatos\Sesion3Ejemplo\db\empleados.odb' is opened by 9772@B01-PC14

[2022-12-16 12:53:17 #2 store] 
Configuration path: ?

[2022-12-16 12:53:17 #3 type] 
Type ejemplo1.DepartamentoEntity is not enhanced.

[2022-12-16 12:53:17 #4 type] 
Type ejemplo1.EmpleadoEntity is not enhanced.

[2022-12-16 12:53:17 #5 query] 
Error during query execution: UPDATE EmpleadoEntity e SET e.salario = e.salario*:sal WHERE e.departamento.dptoId = 10({of->20,sal->1.3})

[2022-12-16 12:53:17 #6 *] 
[ObjectDB 2.8.6] Unexpected exception (Error 990)
  Generated by Java HotSpot(TM) 64-Bit Server VM 1.8.0_341 (on Windows 10 10.0).
Please report this error on http://www.objectdb.com/issue/new
com.objectdb.o.InternalException: null
com.objectdb.o.InternalException
	at com.objectdb.o.InternalException.f(InternalException.java:235)
	at com.objectdb.o.QRC.i(QRC.java:294)
	at com.objectdb.o.QRC.j(QRC.java:197)
	at com.objectdb.o.QRM.Zq(QRM.java:273)
	at com.objectdb.o.MST.Zq(MST.java:1019)
	at com.objectdb.o.WRA.Zq(WRA.java:313)
	at com.objectdb.o.WSM.Zq(WSM.java:117)
	at com.objectdb.o.QRR.k(QRR.java:260)
	at com.objectdb.o.QRR.i(QRR.java:154)
	at com.objectdb.jpa.JpaQuery.executeUpdate(JpaQuery.java:791)
	at ejemplo1.AccesoBdatos.incrementarSalarioDepartamento(AccesoBdatos.java:333)
	at ejemplo1.MainEjercicios.main(MainEjercicios.java:25)

------------------------------------------------------------------------------------------------------------------------

[2022-12-16 12:59:52 #1 store] 
Database 'C:\Users\damdualalu2\git\AccesoADatos\Sesion3Ejemplo\db\empleados.odb' is opened by 1304@B01-PC14

[2022-12-16 12:59:52 #2 store] 
Configuration path: ?

[2022-12-16 12:59:52 #3 type] 
Type ejemplo1.DepartamentoEntity is not enhanced.

[2022-12-16 12:59:52 #4 type] 
Type ejemplo1.EmpleadoEntity is not enhanced.

[2022-12-16 12:59:52 #5 store] 
Database 'C:\Users\damdualalu2\git\AccesoADatos\Sesion3Ejemplo\db\empleados.odb' is closed by 1304@B01-PC14

------------------------------------------------------------------------------------------------------------------------

[2022-12-16 13:04:37 #1 store] 
Database 'C:\Users\damdualalu2\git\AccesoADatos\Sesion3Ejemplo\db\empleados.odb' is opened by 9228@B01-PC14

[2022-12-16 13:04:37 #2 store] 
Configuration path: ?

[2022-12-16 13:04:37 #3 type] 
Type ejemplo1.DepartamentoEntity is not enhanced.

[2022-12-16 13:04:37 #4 type] 
Type ejemplo1.EmpleadoEntity is not enhanced.

[2022-12-16 13:04:38 #5 store] 
Database 'C:\Users\damdualalu2\git\AccesoADatos\Sesion3Ejemplo\db\empleados.odb' is closed by 9228@B01-PC14

------------------------------------------------------------------------------------------------------------------------

[2022-12-16 13:13:04 #1 store] 
Database 'C:\Users\damdualalu2\git\AccesoADatos\Sesion3Ejemplo\db\empleados.odb' is opened by 9072@B01-PC14

[2022-12-16 13:13:04 #2 store] 
Configuration path: ?

[2022-12-16 13:13:04 #3 type] 
Type ejemplo1.DepartamentoEntity is not enhanced.

[2022-12-16 13:13:04 #4 type] 
Type ejemplo1.EmpleadoEntity is not enhanced.

[2022-12-16 13:13:04 #5 store] 
Database 'C:\Users\damdualalu2\git\AccesoADatos\Sesion3Ejemplo\db\empleados.odb' is closed by 9072@B01-PC14

------------------------------------------------------------------------------------------------------------------------

[2022-12-16 13:13:16 #1 store] 
Database 'C:\Users\damdualalu2\git\AccesoADatos\Sesion3Ejemplo\db\empleados.odb' is opened by 2040@B01-PC14

[2022-12-16 13:13:16 #2 store] 
Configuration path: ?

[2022-12-16 13:13:16 #3 type] 
Type ejemplo1.DepartamentoEntity is not enhanced.

[2022-12-16 13:13:16 #4 type] 
Type ejemplo1.EmpleadoEntity is not enhanced.

[2022-12-16 13:13:16 #5 store] 
Database 'C:\Users\damdualalu2\git\AccesoADatos\Sesion3Ejemplo\db\empleados.odb' is closed by 2040@B01-PC14

------------------------------------------------------------------------------------------------------------------------

[2022-12-16 13:13:22 #1 store] 
Database 'C:\Users\damdualalu2\git\AccesoADatos\Sesion3Ejemplo\db\empleados.odb' is opened by 10216@B01-PC14

[2022-12-16 13:13:22 #2 store] 
Configuration path: ?

[2022-12-16 13:13:22 #3 type] 
Type ejemplo1.DepartamentoEntity is not enhanced.

[2022-12-16 13:13:22 #4 type] 
Type ejemplo1.EmpleadoEntity is not enhanced.

[2022-12-16 13:13:22 #5 store] 
Database 'C:\Users\damdualalu2\git\AccesoADatos\Sesion3Ejemplo\db\empleados.odb' is closed by 10216@B01-PC14

------------------------------------------------------------------------------------------------------------------------

[2022-12-16 13:15:21 #1 store] 
Database 'C:\Users\damdualalu2\git\AccesoADatos\Sesion3Ejemplo\db\empleados.odb' is opened by 2680@B01-PC14

[2022-12-16 13:15:21 #2 store] 
Configuration path: ?

[2022-12-16 13:15:21 #3 type] 
Type ejemplo1.DepartamentoEntity is not enhanced.

[2022-12-16 13:15:21 #4 type] 
Type ejemplo1.EmpleadoEntity is not enhanced.

[2022-12-16 13:15:21 #5 store] 
Database 'C:\Users\damdualalu2\git\AccesoADatos\Sesion3Ejemplo\db\empleados.odb' is closed by 2680@B01-PC14

------------------------------------------------------------------------------------------------------------------------

[2022-12-16 13:17:16 #1 store] 
Database 'C:\Users\damdualalu2\git\AccesoADatos\Sesion3Ejemplo\db\empleados.odb' is opened by 1960@B01-PC14

[2022-12-16 13:17:16 #2 store] 
Configuration path: ?

[2022-12-16 13:17:16 #3 type] 
Type ejemplo1.DepartamentoEntity is not enhanced.

[2022-12-16 13:17:16 #4 type] 
Type ejemplo1.EmpleadoEntity is not enhanced.

[2022-12-16 13:17:16 #5 store] 
Database 'C:\Users\damdualalu2\git\AccesoADatos\Sesion3Ejemplo\db\empleados.odb' is closed by 1960@B01-PC14

------------------------------------------------------------------------------------------------------------------------

[2022-12-16 13:25:40 #1 store] 
Database 'C:\Users\damdualalu2\git\AccesoADatos\Sesion3Ejemplo\db\empleados.odb' is opened by 8944@B01-PC14

[2022-12-16 13:25:40 #2 store] 
Configuration path: ?

[2022-12-16 13:25:40 #3 type] 
Type ejemplo1.DepartamentoEntity is not enhanced.

[2022-12-16 13:25:40 #4 type] 
Type ejemplo1.EmpleadoEntity is not enhanced.

[2022-12-16 13:25:41 #5 store] 
Database 'C:\Users\damdualalu2\git\AccesoADatos\Sesion3Ejemplo\db\empleados.odb' is closed by 8944@B01-PC14

